2023-12-28 19:37:33,093 - INFO - There is no file in folder 'files/'
2023-12-28 19:37:40,332 - INFO - There is no file in folder 'files/'
2023-12-28 19:40:02,188 - INFO - Reading the file 'demo'
2023-12-28 19:40:02,188 - INFO - Invalid file name
2023-12-28 19:40:02,188 - INFO - There is no file in folder 'files/'
2023-12-28 19:45:27,238 - INFO - Reading the file 'demo'
2023-12-28 19:45:27,240 - INFO - Invalid file name
2023-12-28 19:45:27,241 - ERROR - There is no file in folder 'files/'
2023-12-28 19:46:19,416 - INFO - Reading the file 'demo'
2023-12-28 19:46:19,416 - ERROR - Invalid file name
2023-12-28 19:46:19,416 - INFO - There is no file in folder 'files/'
2023-12-28 19:46:43,760 - INFO - Reading the file 'demo'
2023-12-28 19:46:43,763 - ERROR - Invalid file name: 'demo'
2023-12-28 19:46:43,763 - INFO - There is no file in folder 'files/'
2023-12-28 19:47:40,475 - INFO - Reading the file 'files\\customer_20231221.csv'
2023-12-28 19:47:40,489 - INFO - Writing file to database as table customer_20231221
2023-12-28 19:47:41,151 - INFO - Reading the file 'files\\department_20231221.csv'
2023-12-28 19:47:41,153 - INFO - Writing file to database as table department_20231221
2023-12-28 19:47:41,177 - INFO - Reading the file 'files\\HR.csv'
2023-12-28 19:47:41,359 - INFO - Writing file to database as table HR
2023-12-28 19:47:56,319 - INFO - Reading the file 'files\\sales_20231221.csv'
2023-12-28 19:47:56,319 - INFO - Writing file to database as table sales_20231221
2023-12-28 20:08:57,035 - INFO - There is no file in folder 'C:\\Users\x07zatov\\Desktop\\Temp\\pos\x0ciles'
2023-12-28 20:09:33,956 - INFO - Reading the file 'C:\\Users\\azatov\\Desktop\\Temp\\pos\\files\\customer_20231221.csv'
2023-12-28 20:09:33,959 - INFO - Writing file to database as table 'customer_20231221'
2023-12-28 20:09:34,558 - INFO - Reading the file 'C:\\Users\\azatov\\Desktop\\Temp\\pos\\files\\department_20231221.csv'
2023-12-28 20:09:34,563 - INFO - Writing file to database as table 'department_20231221'
2023-12-28 20:09:34,588 - INFO - Reading the file 'C:\\Users\\azatov\\Desktop\\Temp\\pos\\files\\HR.csv'
2023-12-28 20:09:34,782 - INFO - Writing file to database as table 'HR'
2023-12-28 20:09:49,357 - INFO - Reading the file 'C:\\Users\\azatov\\Desktop\\Temp\\pos\\files\\sales_20231221.csv'
2023-12-28 20:09:49,357 - INFO - Writing file to database as table 'sales_20231221'
2023-12-28 20:11:31,979 - INFO - There is no file in folder 'C:\\Users\\azatov\\Desktop\\Temp\\pos\\files'
2023-12-28 20:12:04,969 - INFO - Reading the file 'demo'
2023-12-28 20:12:04,969 - ERROR - Invalid file name: 'demo'
2023-12-28 20:12:04,969 - INFO - There is no file in folder 'C:\\Users\\azatov\\Desktop\\Temp\\pos\\files'
2023-12-28 20:12:48,407 - INFO - Reading the file 'demo'
2023-12-28 20:12:48,407 - ERROR - Invalid file name: 'demo'
2023-12-28 20:12:48,407 - INFO - There is no file in folder 'C:\\Users\\azatov\\Desktop\\Temp\\pos\\files'
2023-12-28 20:13:29,923 - INFO - Reading the file 'demo'
2023-12-28 20:13:29,938 - ERROR - Invalid file name: 'demo'
2023-12-28 20:13:29,938 - INFO - There is no file in folder 'C:\\Users\\azatov\\Desktop\\Temp\\pos\\files'
2023-12-28 20:14:29,419 - INFO - Reading the file 'demo'
2023-12-28 20:14:29,421 - ERROR - No such file or directory: 'demo'
2023-12-28 20:14:29,421 - INFO - There is no file in folder 'C:\\Users\\azatov\\Desktop\\Temp\\pos\\files'
2023-12-28 20:15:58,735 - INFO - Writing file to database as table 'demo'
2023-12-28 20:16:36,378 - INFO - Writing file to database as table 'demo'
2023-12-28 20:17:53,985 - INFO - Writing file to database as table 'demo'
2023-12-28 20:19:12,844 - INFO - Writing file to database as table 'demo'
2023-12-28 20:19:12,844 - ERROR - ("'str' object has no attribute 'to_sql'",)
2023-12-28 20:19:37,132 - INFO - Writing file to database as table 'demo'
2023-12-28 20:19:37,132 - ERROR - 'str' object has no attribute 'to_sql'
2023-12-28 20:43:54,156 - INFO - Reading the file 'C:\\Users\\azatov\\Desktop\\Temp\\pos\\files\\customer_20231221.csv'
2023-12-28 20:43:54,159 - INFO - Writing file to database as table 'customer_20231221'
2023-12-28 20:43:54,736 - INFO - Reading the file 'C:\\Users\\azatov\\Desktop\\Temp\\pos\\files\\department_20231221.csv'
2023-12-28 20:43:54,740 - INFO - Writing file to database as table 'department_20231221'
2023-12-28 20:43:54,758 - INFO - Reading the file 'C:\\Users\\azatov\\Desktop\\Temp\\pos\\files\\HR.csv'
2023-12-28 20:43:54,940 - INFO - Writing file to database as table 'HR'
2023-12-28 20:44:06,533 - INFO - Reading the file 'C:\\Users\\azatov\\Desktop\\Temp\\pos\\files\\sales_20231221.csv'
2023-12-28 20:44:06,548 - INFO - Writing file to database as table 'sales_20231221'
2023-12-28 20:45:32,774 - INFO - Reading the file 'C:\\Users\\azatov\\Desktop\\Temp\\pos\\files\\customer_20231221.csv'
2023-12-28 20:45:32,777 - INFO - Writing file to database as table 'customer_20231221'
2023-12-28 20:45:33,341 - INFO - Reading the file 'C:\\Users\\azatov\\Desktop\\Temp\\pos\\files\\department_20231221.csv'
2023-12-28 20:45:33,341 - INFO - Writing file to database as table 'department_20231221'
2023-12-28 20:45:33,369 - INFO - Reading the file 'C:\\Users\\azatov\\Desktop\\Temp\\pos\\files\\HR.csv'
2023-12-28 20:45:33,539 - INFO - Writing file to database as table 'HR'
2023-12-28 20:45:45,059 - INFO - Reading the file 'C:\\Users\\azatov\\Desktop\\Temp\\pos\\files\\sales_20231221.csv'
2023-12-28 20:45:45,059 - INFO - Writing file to database as table 'sales_20231221'
2023-12-28 20:45:52,966 - INFO - Reading the file 'C:\\Users\\azatov\\Desktop\\Temp\\pos\\files\\customer_20231221.csv'
2023-12-28 20:45:52,968 - INFO - Writing file to database as table 'customer_20231221'
2023-12-28 20:45:53,039 - INFO - Reading the file 'C:\\Users\\azatov\\Desktop\\Temp\\pos\\files\\department_20231221.csv'
2023-12-28 20:45:53,039 - INFO - Writing file to database as table 'department_20231221'
2023-12-28 20:45:53,108 - INFO - Reading the file 'C:\\Users\\azatov\\Desktop\\Temp\\pos\\files\\HR.csv'
2023-12-28 20:45:53,293 - INFO - Writing file to database as table 'HR'
2023-12-28 20:46:04,503 - INFO - Reading the file 'C:\\Users\\azatov\\Desktop\\Temp\\pos\\files\\sales_20231221.csv'
2023-12-28 20:46:04,503 - INFO - Writing file to database as table 'sales_20231221'
2023-12-28 20:46:33,547 - INFO - Reading the file 'C:\\Users\\azatov\\Desktop\\Temp\\pos\\files\\customer_20231221.csv'
2023-12-28 20:46:33,547 - INFO - Writing file to database as table 'customer_20231221'
2023-12-28 20:46:34,110 - INFO - Reading the file 'C:\\Users\\azatov\\Desktop\\Temp\\pos\\files\\department_20231221.csv'
2023-12-28 20:46:34,110 - INFO - Writing file to database as table 'department_20231221'
2023-12-28 20:46:34,147 - INFO - Reading the file 'C:\\Users\\azatov\\Desktop\\Temp\\pos\\files\\HR.csv'
2023-12-28 20:46:34,327 - INFO - Writing file to database as table 'HR'
2023-12-28 20:46:45,174 - INFO - Reading the file 'C:\\Users\\azatov\\Desktop\\Temp\\pos\\files\\sales_20231221.csv'
2023-12-28 20:46:45,189 - INFO - Writing file to database as table 'sales_20231221'
2023-12-28 20:47:47,917 - INFO - Reading the file 'C:\\Users\\azatov\\Desktop\\Temp\\pos\\files\\customer_20231221.csv'
2023-12-28 20:47:47,917 - INFO - Writing file to database as table 'customer_20231221'
2023-12-28 20:47:48,409 - INFO - Reading the file 'C:\\Users\\azatov\\Desktop\\Temp\\pos\\files\\department_20231221.csv'
2023-12-28 20:47:48,411 - INFO - Writing file to database as table 'department_20231221'
2023-12-28 20:47:48,699 - INFO - Reading the file 'C:\\Users\\azatov\\Desktop\\Temp\\pos\\files\\HR.csv'
2023-12-28 20:47:48,885 - INFO - Writing file to database as table 'HR'
2023-12-28 20:48:00,242 - INFO - Reading the file 'C:\\Users\\azatov\\Desktop\\Temp\\pos\\files\\sales_20231221.csv'
2023-12-28 20:48:00,242 - INFO - Writing file to database as table 'sales_20231221'
2023-12-28 20:48:31,717 - INFO - Reading the file 'C:\\Users\\azatov\\Desktop\\Temp\\pos\\files\\customer_20231221.csv'
2023-12-28 20:48:31,717 - INFO - Writing file to database as table 'customer_20231221'
2023-12-28 20:48:31,931 - INFO - Reading the file 'C:\\Users\\azatov\\Desktop\\Temp\\pos\\files\\department_20231221.csv'
2023-12-28 20:48:31,931 - INFO - Writing file to database as table 'department_20231221'
2023-12-28 20:48:31,962 - INFO - Reading the file 'C:\\Users\\azatov\\Desktop\\Temp\\pos\\files\\HR.csv'
2023-12-28 20:48:32,144 - INFO - Writing file to database as table 'HR'
2023-12-28 20:48:42,684 - INFO - Reading the file 'C:\\Users\\azatov\\Desktop\\Temp\\pos\\files\\sales_20231221.csv'
2023-12-28 20:48:42,684 - INFO - Writing file to database as table 'sales_20231221'
2023-12-28 20:55:56,280 - INFO - Reading the file 'C:\\Users\\azatov\\Desktop\\Temp\\pos\\files\\customer_20231221.csv'
2023-12-28 20:55:56,283 - INFO - Writing file to database as table 'customer_20231221'
2023-12-28 20:55:56,486 - INFO - Reading the file 'C:\\Users\\azatov\\Desktop\\Temp\\pos\\files\\department_20231221.csv'
2023-12-28 20:55:56,486 - INFO - Writing file to database as table 'department_20231221'
2023-12-28 20:55:56,528 - INFO - Reading the file 'C:\\Users\\azatov\\Desktop\\Temp\\pos\\files\\HR.csv'
2023-12-28 20:55:56,721 - INFO - Writing file to database as table 'HR'
2023-12-28 20:56:08,426 - INFO - Reading the file 'C:\\Users\\azatov\\Desktop\\Temp\\pos\\files\\sales_20231221.csv'
2023-12-28 20:56:08,431 - INFO - Writing file to database as table 'sales_20231221'
2023-12-28 23:48:02,596 - INFO - Reading the file 'C:\\\\Users\\\\azatov\\\\Desktop\\\\Temp\\\\pos\\\\files\\customer_20231221.csv'
2023-12-28 23:48:02,599 - INFO - Writing file to database as table 'customer_20231221'
2023-12-28 23:48:02,737 - INFO - Reading the file 'C:\\\\Users\\\\azatov\\\\Desktop\\\\Temp\\\\pos\\\\files\\department_20231221.csv'
2023-12-28 23:48:02,737 - INFO - Writing file to database as table 'department_20231221'
2023-12-28 23:48:02,771 - INFO - Reading the file 'C:\\\\Users\\\\azatov\\\\Desktop\\\\Temp\\\\pos\\\\files\\HR.csv'
2023-12-28 23:48:02,956 - INFO - Writing file to database as table 'HR'
2023-12-28 23:48:14,063 - INFO - Reading the file 'C:\\\\Users\\\\azatov\\\\Desktop\\\\Temp\\\\pos\\\\files\\sales_20231221.csv'
2023-12-28 23:48:14,078 - INFO - Writing file to database as table 'sales_20231221'
2023-12-28 23:49:00,381 - INFO - Reading the file 'C:\\\\Users\\\\azatov\\\\Desktop\\\\Temp\\\\pos\\\\files\\customer_20231221.csv'
2023-12-28 23:49:00,381 - INFO - Writing file to database as table 'customer_20231221'
2023-12-28 23:49:00,511 - INFO - Reading the file 'C:\\\\Users\\\\azatov\\\\Desktop\\\\Temp\\\\pos\\\\files\\department_20231221.csv'
2023-12-28 23:49:00,511 - INFO - Writing file to database as table 'department_20231221'
2023-12-28 23:49:00,545 - INFO - Reading the file 'C:\\\\Users\\\\azatov\\\\Desktop\\\\Temp\\\\pos\\\\files\\HR.csv'
2023-12-28 23:49:00,727 - INFO - Writing file to database as table 'HR'
2023-12-28 23:49:11,523 - INFO - Reading the file 'C:\\\\Users\\\\azatov\\\\Desktop\\\\Temp\\\\pos\\\\files\\sales_20231221.csv'
2023-12-28 23:49:11,523 - INFO - Writing file to database as table 'sales_20231221'
2023-12-28 23:49:33,280 - INFO - Reading the file 'C:\\\\Users\\\\azatov\\\\Desktop\\\\Temp\\\\pos\\\\files\\customer_20231221.csv'
2023-12-28 23:49:33,282 - INFO - Writing file to database as table 'customer_20231221'
2023-12-28 23:49:33,312 - INFO - Reading the file 'C:\\\\Users\\\\azatov\\\\Desktop\\\\Temp\\\\pos\\\\files\\department_20231221.csv'
2023-12-28 23:49:33,324 - INFO - Writing file to database as table 'department_20231221'
2023-12-28 23:49:33,345 - INFO - Reading the file 'C:\\\\Users\\\\azatov\\\\Desktop\\\\Temp\\\\pos\\\\files\\HR.csv'
2023-12-28 23:49:33,522 - INFO - Writing file to database as table 'HR'
2023-12-28 23:49:44,716 - INFO - Reading the file 'C:\\\\Users\\\\azatov\\\\Desktop\\\\Temp\\\\pos\\\\files\\sales_20231221.csv'
2023-12-28 23:49:44,716 - INFO - Writing file to database as table 'sales_20231221'
